<?xml version="1.0" encoding="UTF-8"?>
<!-- Generated by org.testng.reporters.JUnitReportReporter -->
<testsuite skipped="0" hostname="W2899320XTQU3" name="PlotSlotManagerTest" tests="11" failures="0" timestamp="23 Jul 2019 18:22:12 GMT" time="0.119" errors="0">
  <testcase name="getAllRegistrationByColor" time="0.054" classname="PlotSlotManagerTest"/>
  <testcase name="removeFromSlot" time="0.001" classname="PlotSlotManagerTest"/>
  <testcase name="removeCarFromSlotNumber1" time="0.000" classname="PlotSlotManagerTest"/>
  <testcase name="removeCarFromSlot" time="0.000" classname="PlotSlotManagerTest"/>
  <testcase name="slotNumberByRegistrationNumbersNotPresent" time="0.001" classname="PlotSlotManagerTest"/>
  <testcase name="statusOfSlot" time="0.025" classname="PlotSlotManagerTest"/>
  <testcase name="createSlotwithError" time="0.002" classname="PlotSlotManagerTest"/>
  <testcase name="checkFile" time="0.023" classname="PlotSlotManagerTest"/>
  <testcase name="createSlot" time="0.001" classname="PlotSlotManagerTest"/>
  <testcase name="slotNumberByRegistrationNumberPresent" time="0.008" classname="PlotSlotManagerTest"/>
  <testcase name="removeCarFromSlotNumber" time="0.004" classname="PlotSlotManagerTest"/>
</testsuite> <!-- PlotSlotManagerTest -->
